# JRE version: OpenJDK Runtime Environment Temurin-21.0.9+10 (21.0.9+10) (build 21.0.9+10-LTS)
# Java VM: OpenJDK 64-Bit Server VM Temurin-21.0.9+10 (21.0.9+10-LTS, mixed mode, sharing, tiered, compressed oops, compressed class ptrs, parallel gc, windows-amd64)
GC Precious Log:
 CardTable entry size: 512
 CPUs: 4 total, 4 available
 Memory: 11683M
 Large Page Support: Disabled
 NUMA Support: Disabled
 Compressed Oops: Enabled (32-bit)
 Alignments: Space 512K, Generation 512K, Heap 2M
 Heap Min Capacity: 100M
 Heap Initial Capacity: 100M
 Heap Max Capacity: 2G
 Pre-touch: Disabled
 Parallel Workers: 4
Heap:
 PSYoungGen      total 3584K, used 2074K [0x00000000d5580000, 0x00000000d5e80000, 0x0000000100000000)
  eden space 3072K, 63% used [0x00000000d5580000,0x00000000d5766b78,0x00000000d5880000)
  from space 512K, 25% used [0x00000000d5d80000,0x00000000d5da0000,0x00000000d5e00000)
  to   space 512K, 0% used [0x00000000d5e00000,0x00000000d5e00000,0x00000000d5e80000)
 ParOldGen       total 410624K, used 410251K [0x0000000080000000, 0x0000000099100000, 0x00000000d5580000)
  object space 410624K, 99% used [0x0000000080000000,0x00000000990a2fb8,0x0000000099100000)
 Metaspace       used 77257K, committed 78848K, reserved 1179648K
  class space    used 9513K, committed 10176K, reserved 1048576K
GC Heap History (20 events):
Event: 590.682 GC heap before
{Heap before GC invocations=417 (full 3):
 PSYoungGen      total 9728K, used 9233K [0x00000000d5580000, 0x00000000d6900000, 0x0000000100000000)
  eden space 5632K, 100% used [0x00000000d5580000,0x00000000d5b00000,0x00000000d5b00000)
  from space 4096K, 87% used [0x00000000d5b00000,0x00000000d5e847a0,0x00000000d5f00000)
  to   space 7168K, 0% used [0x00000000d6200000,0x00000000d6200000,0x00000000d6900000)
 ParOldGen       total 391680K, used 391223K [0x0000000080000000, 0x0000000097e80000, 0x00000000d5580000)
  object space 391680K, 99% used [0x0000000080000000,0x0000000097e0de80,0x0000000097e80000)
 Metaspace       used 76267K, committed 77888K, reserved 1179648K
  class space    used 9399K, committed 10112K, reserved 1048576K
}
Event: 590.688 GC heap after
{Heap after GC invocations=417 (full 3):
 PSYoungGen      total 7680K, used 1920K [0x00000000d5580000, 0x00000000d6400000, 0x0000000100000000)
  eden space 5632K, 0% used [0x00000000d5580000,0x00000000d5580000,0x00000000d5b00000)
  from space 2048K, 93% used [0x00000000d6200000,0x00000000d63e0000,0x00000000d6400000)
  to   space 3584K, 0% used [0x00000000d5d00000,0x00000000d5d00000,0x00000000d6080000)
 ParOldGen       total 395264K, used 394793K [0x0000000080000000, 0x0000000098200000, 0x00000000d5580000)
  object space 395264K, 99% used [0x0000000080000000,0x000000009818a488,0x0000000098200000)
 Metaspace       used 76267K, committed 77888K, reserved 1179648K
  class space    used 9399K, committed 10112K, reserved 1048576K
}
Event: 590.734 GC heap before
{Heap before GC invocations=418 (full 3):
 PSYoungGen      total 7680K, used 7552K [0x00000000d5580000, 0x00000000d6400000, 0x0000000100000000)
  eden space 5632K, 100% used [0x00000000d5580000,0x00000000d5b00000,0x00000000d5b00000)
  from space 2048K, 93% used [0x00000000d6200000,0x00000000d63e0000,0x00000000d6400000)
  to   space 3584K, 0% used [0x00000000d5d00000,0x00000000d5d00000,0x00000000d6080000)
 ParOldGen       total 395264K, used 394793K [0x0000000080000000, 0x0000000098200000, 0x00000000d5580000)
  object space 395264K, 99% used [0x0000000080000000,0x000000009818a488,0x0000000098200000)
 Metaspace       used 76271K, committed 77888K, reserved 1179648K
  class space    used 9400K, committed 10112K, reserved 1048576K
}
Event: 590.741 GC heap after
{Heap after GC invocations=418 (full 3):
 PSYoungGen      total 9216K, used 3569K [0x00000000d5580000, 0x00000000d6a00000, 0x0000000100000000)
  eden space 5632K, 0% used [0x00000000d5580000,0x00000000d5580000,0x00000000d5b00000)
  from space 3584K, 99% used [0x00000000d5d00000,0x00000000d607c5c8,0x00000000d6080000)
  to   space 7680K, 0% used [0x00000000d6280000,0x00000000d6280000,0x00000000d6a00000)
 ParOldGen       total 397824K, used 397617K [0x0000000080000000, 0x0000000098480000, 0x00000000d5580000)
  object space 397824K, 99% used [0x0000000080000000,0x000000009844c488,0x0000000098480000)
 Metaspace       used 76271K, committed 77888K, reserved 1179648K
  class space    used 9400K, committed 10112K, reserved 1048576K
}
Event: 590.773 GC heap before
{Heap before GC invocations=419 (full 3):
 PSYoungGen      total 9216K, used 9065K [0x00000000d5580000, 0x00000000d6a00000, 0x0000000100000000)
  eden space 5632K, 97% used [0x00000000d5580000,0x00000000d5ade078,0x00000000d5b00000)
  from space 3584K, 99% used [0x00000000d5d00000,0x00000000d607c5c8,0x00000000d6080000)
  to   space 7680K, 0% used [0x00000000d6280000,0x00000000d6280000,0x00000000d6a00000)
 ParOldGen       total 397824K, used 397617K [0x0000000080000000, 0x0000000098480000, 0x00000000d5580000)
  object space 397824K, 99% used [0x0000000080000000,0x000000009844c488,0x0000000098480000)
 Metaspace       used 76279K, committed 77888K, reserved 1179648K
  class space    used 9400K, committed 10112K, reserved 1048576K
}
Event: 590.780 GC heap after
{Heap after GC invocations=419 (full 3):
 PSYoungGen      total 9216K, used 3200K [0x00000000d5580000, 0x00000000d6600000, 0x0000000100000000)
  eden space 5632K, 0% used [0x00000000d5580000,0x00000000d5580000,0x00000000d5b00000)
  from space 3584K, 89% used [0x00000000d6280000,0x00000000d65a0338,0x00000000d6600000)
  to   space 4608K, 0% used [0x00000000d5d00000,0x00000000d5d00000,0x00000000d6180000)
 ParOldGen       total 401408K, used 401062K [0x0000000080000000, 0x0000000098800000, 0x00000000d5580000)
  object space 401408K, 99% used [0x0000000080000000,0x00000000987a9ac8,0x0000000098800000)
 Metaspace       used 76279K, committed 77888K, reserved 1179648K
  class space    used 9400K, committed 10112K, reserved 1048576K
}
Event: 590.823 GC heap before
{Heap before GC invocations=420 (full 3):
 PSYoungGen      total 9216K, used 8824K [0x00000000d5580000, 0x00000000d6600000, 0x0000000100000000)
  eden space 5632K, 99% used [0x00000000d5580000,0x00000000d5afdd98,0x00000000d5b00000)
  from space 3584K, 89% used [0x00000000d6280000,0x00000000d65a0338,0x00000000d6600000)
  to   space 4608K, 0% used [0x00000000d5d00000,0x00000000d5d00000,0x00000000d6180000)
 ParOldGen       total 401408K, used 401062K [0x0000000080000000, 0x0000000098800000, 0x00000000d5580000)
  object space 401408K, 99% used [0x0000000080000000,0x00000000987a9ac8,0x0000000098800000)
 Metaspace       used 76308K, committed 77952K, reserved 1179648K
  class space    used 9402K, committed 10112K, reserved 1048576K
}
Event: 590.833 GC heap after
{Heap after GC invocations=420 (full 3):
 PSYoungGen      total 9728K, used 4040K [0x00000000d5580000, 0x00000000d6400000, 0x0000000100000000)
  eden space 5632K, 0% used [0x00000000d5580000,0x00000000d5580000,0x00000000d5b00000)
  from space 4096K, 98% used [0x00000000d5d00000,0x00000000d60f20a0,0x00000000d6100000)
  to   space 3072K, 0% used [0x00000000d6100000,0x00000000d6100000,0x00000000d6400000)
 ParOldGen       total 404480K, used 404048K [0x0000000080000000, 0x0000000098b00000, 0x00000000d5580000)
  object space 404480K, 99% used [0x0000000080000000,0x0000000098a94368,0x0000000098b00000)
 Metaspace       used 76308K, committed 77952K, reserved 1179648K
  class space    used 9402K, committed 10112K, reserved 1048576K
}
Event: 591.058 GC heap before
{Heap before GC invocations=421 (full 3):
 PSYoungGen      total 9728K, used 9672K [0x00000000d5580000, 0x00000000d6400000, 0x0000000100000000)
  eden space 5632K, 100% used [0x00000000d5580000,0x00000000d5b00000,0x00000000d5b00000)
  from space 4096K, 98% used [0x00000000d5d00000,0x00000000d60f20a0,0x00000000d6100000)
  to   space 3072K, 0% used [0x00000000d6100000,0x00000000d6100000,0x00000000d6400000)
 ParOldGen       total 404480K, used 404048K [0x0000000080000000, 0x0000000098b00000, 0x00000000d5580000)
  object space 404480K, 99% used [0x0000000080000000,0x0000000098a94368,0x0000000098b00000)
 Metaspace       used 76361K, committed 77952K, reserved 1179648K
  class space    used 9413K, committed 10112K, reserved 1048576K
}
Event: 591.071 GC heap after
{Heap after GC invocations=421 (full 3):
 PSYoungGen      total 6144K, used 3040K [0x00000000d5580000, 0x00000000d6c00000, 0x0000000100000000)
  eden space 3072K, 0% used [0x00000000d5580000,0x00000000d5580000,0x00000000d5880000)
  from space 3072K, 98% used [0x00000000d6100000,0x00000000d63f8388,0x00000000d6400000)
  to   space 8704K, 0% used [0x00000000d5880000,0x00000000d5880000,0x00000000d6100000)
 ParOldGen       total 409088K, used 408919K [0x0000000080000000, 0x0000000098f80000, 0x00000000d5580000)
  object space 409088K, 99% used [0x0000000080000000,0x0000000098f55eb0,0x0000000098f80000)
 Metaspace       used 76361K, committed 77952K, reserved 1179648K
  class space    used 9413K, committed 10112K, reserved 1048576K
}
Event: 591.185 GC heap before
{Heap before GC invocations=422 (full 3):
 PSYoungGen      total 6144K, used 6112K [0x00000000d5580000, 0x00000000d6c00000, 0x0000000100000000)
  eden space 3072K, 100% used [0x00000000d5580000,0x00000000d5880000,0x00000000d5880000)
  from space 3072K, 98% used [0x00000000d6100000,0x00000000d63f8388,0x00000000d6400000)
  to   space 8704K, 0% used [0x00000000d5880000,0x00000000d5880000,0x00000000d6100000)
 ParOldGen       total 409088K, used 408919K [0x0000000080000000, 0x0000000098f80000, 0x00000000d5580000)
  object space 409088K, 99% used [0x0000000080000000,0x0000000098f55eb0,0x0000000098f80000)
 Metaspace       used 76601K, committed 78208K, reserved 1179648K
  class space    used 9437K, committed 10112K, reserved 1048576K
}
Event: 591.191 GC heap after
{Heap after GC invocations=422 (full 3):
 PSYoungGen      total 3584K, used 368K [0x00000000d5580000, 0x00000000d6180000, 0x0000000100000000)
  eden space 3072K, 0% used [0x00000000d5580000,0x00000000d5580000,0x00000000d5880000)
  from space 512K, 71% used [0x00000000d5880000,0x00000000d58dc030,0x00000000d5900000)
  to   space 3584K, 0% used [0x00000000d5e00000,0x00000000d5e00000,0x00000000d6180000)
 ParOldGen       total 410112K, used 409855K [0x0000000080000000, 0x0000000099080000, 0x00000000d5580000)
  object space 410112K, 99% used [0x0000000080000000,0x000000009903fec8,0x0000000099080000)
 Metaspace       used 76601K, committed 78208K, reserved 1179648K
  class space    used 9437K, committed 10112K, reserved 1048576K
}
Event: 802.412 GC heap before
{Heap before GC invocations=423 (full 3):
 PSYoungGen      total 3584K, used 3440K [0x00000000d5580000, 0x00000000d6180000, 0x0000000100000000)
  eden space 3072K, 99% used [0x00000000d5580000,0x00000000d587ffe0,0x00000000d5880000)
  from space 512K, 71% used [0x00000000d5880000,0x00000000d58dc030,0x00000000d5900000)
  to   space 3584K, 0% used [0x00000000d5e00000,0x00000000d5e00000,0x00000000d6180000)
 ParOldGen       total 410112K, used 409855K [0x0000000080000000, 0x0000000099080000, 0x00000000d5580000)
  object space 410112K, 99% used [0x0000000080000000,0x000000009903fec8,0x0000000099080000)
 Metaspace       used 76915K, committed 78528K, reserved 1179648K
  class space    used 9480K, committed 10176K, reserved 1048576K
}
Event: 802.418 GC heap after
{Heap after GC invocations=423 (full 3):
 PSYoungGen      total 3584K, used 224K [0x00000000d5580000, 0x00000000d5e80000, 0x0000000100000000)
  eden space 3072K, 0% used [0x00000000d5580000,0x00000000d5580000,0x00000000d5880000)
  from space 512K, 43% used [0x00000000d5e00000,0x00000000d5e38000,0x00000000d5e80000)
  to   space 1024K, 0% used [0x00000000d5c80000,0x00000000d5c80000,0x00000000d5d80000)
 ParOldGen       total 410112K, used 410027K [0x0000000080000000, 0x0000000099080000, 0x00000000d5580000)
  object space 410112K, 99% used [0x0000000080000000,0x000000009906ae08,0x0000000099080000)
 Metaspace       used 76915K, committed 78528K, reserved 1179648K
  class space    used 9480K, committed 10176K, reserved 1048576K
}
Event: 802.802 GC heap before
{Heap before GC invocations=424 (full 3):
 PSYoungGen      total 3584K, used 3296K [0x00000000d5580000, 0x00000000d5e80000, 0x0000000100000000)
  eden space 3072K, 100% used [0x00000000d5580000,0x00000000d5880000,0x00000000d5880000)
  from space 512K, 43% used [0x00000000d5e00000,0x00000000d5e38000,0x00000000d5e80000)
  to   space 1024K, 0% used [0x00000000d5c80000,0x00000000d5c80000,0x00000000d5d80000)
 ParOldGen       total 410112K, used 410027K [0x0000000080000000, 0x0000000099080000, 0x00000000d5580000)
  object space 410112K, 99% used [0x0000000080000000,0x000000009906ae08,0x0000000099080000)
 Metaspace       used 77148K, committed 78720K, reserved 1179648K
  class space    used 9506K, committed 10176K, reserved 1048576K
}
Event: 802.807 GC heap after
{Heap after GC invocations=424 (full 3):
 PSYoungGen      total 4096K, used 128K [0x00000000d5580000, 0x00000000d5e80000, 0x0000000100000000)
  eden space 3072K, 0% used [0x00000000d5580000,0x00000000d5580000,0x00000000d5880000)
  from space 1024K, 12% used [0x00000000d5c80000,0x00000000d5ca0000,0x00000000d5d80000)
  to   space 512K, 0% used [0x00000000d5e00000,0x00000000d5e00000,0x00000000d5e80000)
 ParOldGen       total 410624K, used 410179K [0x0000000080000000, 0x0000000099100000, 0x00000000d5580000)
  object space 410624K, 99% used [0x0000000080000000,0x0000000099090fb8,0x0000000099100000)
 Metaspace       used 77148K, committed 78720K, reserved 1179648K
  class space    used 9506K, committed 10176K, reserved 1048576K
}
Event: 803.103 GC heap before
{Heap before GC invocations=425 (full 3):
 PSYoungGen      total 4096K, used 3200K [0x00000000d5580000, 0x00000000d5e80000, 0x0000000100000000)
  eden space 3072K, 100% used [0x00000000d5580000,0x00000000d5880000,0x00000000d5880000)
  from space 1024K, 12% used [0x00000000d5c80000,0x00000000d5ca0000,0x00000000d5d80000)
  to   space 512K, 0% used [0x00000000d5e00000,0x00000000d5e00000,0x00000000d5e80000)
 ParOldGen       total 410624K, used 410179K [0x0000000080000000, 0x0000000099100000, 0x00000000d5580000)
  object space 410624K, 99% used [0x0000000080000000,0x0000000099090fb8,0x0000000099100000)
 Metaspace       used 77177K, committed 78784K, reserved 1179648K
  class space    used 9506K, committed 10176K, reserved 1048576K
}
Event: 803.106 GC heap after
{Heap after GC invocations=425 (full 3):
 PSYoungGen      total 3584K, used 96K [0x00000000d5580000, 0x00000000d5e80000, 0x0000000100000000)
  eden space 3072K, 0% used [0x00000000d5580000,0x00000000d5580000,0x00000000d5880000)
  from space 512K, 18% used [0x00000000d5e00000,0x00000000d5e18000,0x00000000d5e80000)
  to   space 512K, 0% used [0x00000000d5d80000,0x00000000d5d80000,0x00000000d5e00000)
 ParOldGen       total 410624K, used 410227K [0x0000000080000000, 0x0000000099100000, 0x00000000d5580000)
  object space 410624K, 99% used [0x0000000080000000,0x000000009909cfb8,0x0000000099100000)
 Metaspace       used 77177K, committed 78784K, reserved 1179648K
  class space    used 9506K, committed 10176K, reserved 1048576K
}
Event: 806.407 GC heap before
{Heap before GC invocations=426 (full 3):
 PSYoungGen      total 3584K, used 3168K [0x00000000d5580000, 0x00000000d5e80000, 0x0000000100000000)
  eden space 3072K, 100% used [0x00000000d5580000,0x00000000d5880000,0x00000000d5880000)
  from space 512K, 18% used [0x00000000d5e00000,0x00000000d5e18000,0x00000000d5e80000)
  to   space 512K, 0% used [0x00000000d5d80000,0x00000000d5d80000,0x00000000d5e00000)
 ParOldGen       total 410624K, used 410227K [0x0000000080000000, 0x0000000099100000, 0x00000000d5580000)
  object space 410624K, 99% used [0x0000000080000000,0x000000009909cfb8,0x0000000099100000)
 Metaspace       used 77227K, committed 78784K, reserved 1179648K
  class space    used 9511K, committed 10176K, reserved 1048576K
}
Event: 806.410 GC heap after
{Heap after GC invocations=426 (full 3):
 PSYoungGen      total 3584K, used 128K [0x00000000d5580000, 0x00000000d5e80000, 0x0000000100000000)
  eden space 3072K, 0% used [0x00000000d5580000,0x00000000d5580000,0x00000000d5880000)
  from space 512K, 25% used [0x00000000d5d80000,0x00000000d5da0000,0x00000000d5e00000)
  to   space 512K, 0% used [0x00000000d5e00000,0x00000000d5e00000,0x00000000d5e80000)
 ParOldGen       total 410624K, used 410251K [0x0000000080000000, 0x0000000099100000, 0x00000000d5580000)
  object space 410624K, 99% used [0x0000000080000000,0x00000000990a2fb8,0x0000000099100000)
 Metaspace       used 77227K, committed 78784K, reserved 1179648K
  class space    used 9511K, committed 10176K, reserved 1048576K
}

