# JRE version: OpenJDK Runtime Environment Temurin-21.0.9+10 (21.0.9+10) (build 21.0.9+10-LTS)
# Java VM: OpenJDK 64-Bit Server VM Temurin-21.0.9+10 (21.0.9+10-LTS, mixed mode, sharing, tiered, compressed oops, compressed class ptrs, parallel gc, windows-amd64)
GC Precious Log:
 CardTable entry size: 512
 CPUs: 4 total, 4 available
 Memory: 11683M
 Large Page Support: Disabled
 NUMA Support: Disabled
 Compressed Oops: Enabled (32-bit)
 Alignments: Space 512K, Generation 512K, Heap 2M
 Heap Min Capacity: 100M
 Heap Initial Capacity: 100M
 Heap Max Capacity: 2G
 Pre-touch: Disabled
 Parallel Workers: 4
Heap:
 PSYoungGen      total 23552K, used 4011K [0x00000000d5580000, 0x00000000d7180000, 0x0000000100000000)
  eden space 22016K, 11% used [0x00000000d5580000,0x00000000d57f2d68,0x00000000d6b00000)
  from space 1536K, 97% used [0x00000000d6b00000,0x00000000d6c78020,0x00000000d6c80000)
  to   space 3072K, 0% used [0x00000000d6e80000,0x00000000d6e80000,0x00000000d7180000)
 ParOldGen       total 68608K, used 52577K [0x0000000080000000, 0x0000000084300000, 0x00000000d5580000)
  object space 68608K, 76% used [0x0000000080000000,0x0000000083358710,0x0000000084300000)
 Metaspace       used 57542K, committed 58880K, reserved 1114112K
  class space    used 6737K, committed 7296K, reserved 1048576K
GC Heap History (20 events):
Event: 48.276 GC heap before
{Heap before GC invocations=24 (full 2):
 PSYoungGen      total 26112K, used 22624K [0x00000000d5580000, 0x00000000d7600000, 0x0000000100000000)
  eden space 22016K, 100% used [0x00000000d5580000,0x00000000d6b00000,0x00000000d6b00000)
  from space 4096K, 14% used [0x00000000d6e80000,0x00000000d6f18000,0x00000000d7280000)
  to   space 1536K, 0% used [0x00000000d7480000,0x00000000d7480000,0x00000000d7600000)
 ParOldGen       total 68608K, used 34347K [0x0000000080000000, 0x0000000084300000, 0x00000000d5580000)
  object space 68608K, 50% used [0x0000000080000000,0x000000008218ae00,0x0000000084300000)
 Metaspace       used 50502K, committed 51648K, reserved 1114112K
  class space    used 5757K, committed 6208K, reserved 1048576K
}
Event: 48.278 GC heap after
{Heap after GC invocations=24 (full 2):
 PSYoungGen      total 23040K, used 672K [0x00000000d5580000, 0x00000000d7580000, 0x0000000100000000)
  eden space 22016K, 0% used [0x00000000d5580000,0x00000000d5580000,0x00000000d6b00000)
  from space 1024K, 65% used [0x00000000d7480000,0x00000000d7528000,0x00000000d7580000)
  to   space 1024K, 0% used [0x00000000d7380000,0x00000000d7380000,0x00000000d7480000)
 ParOldGen       total 68608K, used 34861K [0x0000000080000000, 0x0000000084300000, 0x00000000d5580000)
  object space 68608K, 50% used [0x0000000080000000,0x000000008220b7c0,0x0000000084300000)
 Metaspace       used 50502K, committed 51648K, reserved 1114112K
  class space    used 5757K, committed 6208K, reserved 1048576K
}
Event: 51.514 GC heap before
{Heap before GC invocations=25 (full 2):
 PSYoungGen      total 23040K, used 22688K [0x00000000d5580000, 0x00000000d7580000, 0x0000000100000000)
  eden space 22016K, 100% used [0x00000000d5580000,0x00000000d6b00000,0x00000000d6b00000)
  from space 1024K, 65% used [0x00000000d7480000,0x00000000d7528000,0x00000000d7580000)
  to   space 1024K, 0% used [0x00000000d7380000,0x00000000d7380000,0x00000000d7480000)
 ParOldGen       total 68608K, used 34861K [0x0000000080000000, 0x0000000084300000, 0x00000000d5580000)
  object space 68608K, 50% used [0x0000000080000000,0x000000008220b7c0,0x0000000084300000)
 Metaspace       used 50782K, committed 51968K, reserved 1114112K
  class space    used 5819K, committed 6272K, reserved 1048576K
}
Event: 51.519 GC heap after
{Heap after GC invocations=25 (full 2):
 PSYoungGen      total 23040K, used 1004K [0x00000000d5580000, 0x00000000d7600000, 0x0000000100000000)
  eden space 22016K, 0% used [0x00000000d5580000,0x00000000d5580000,0x00000000d6b00000)
  from space 1024K, 98% used [0x00000000d7380000,0x00000000d747b280,0x00000000d7480000)
  to   space 1536K, 0% used [0x00000000d7480000,0x00000000d7480000,0x00000000d7600000)
 ParOldGen       total 68608K, used 38385K [0x0000000080000000, 0x0000000084300000, 0x00000000d5580000)
  object space 68608K, 55% used [0x0000000080000000,0x000000008257c4e0,0x0000000084300000)
 Metaspace       used 50782K, committed 51968K, reserved 1114112K
  class space    used 5819K, committed 6272K, reserved 1048576K
}
Event: 51.996 GC heap before
{Heap before GC invocations=26 (full 2):
 PSYoungGen      total 23040K, used 23020K [0x00000000d5580000, 0x00000000d7600000, 0x0000000100000000)
  eden space 22016K, 100% used [0x00000000d5580000,0x00000000d6b00000,0x00000000d6b00000)
  from space 1024K, 98% used [0x00000000d7380000,0x00000000d747b280,0x00000000d7480000)
  to   space 1536K, 0% used [0x00000000d7480000,0x00000000d7480000,0x00000000d7600000)
 ParOldGen       total 68608K, used 38385K [0x0000000080000000, 0x0000000084300000, 0x00000000d5580000)
  object space 68608K, 55% used [0x0000000080000000,0x000000008257c4e0,0x0000000084300000)
 Metaspace       used 53018K, committed 54272K, reserved 1114112K
  class space    used 6220K, committed 6720K, reserved 1048576K
}
Event: 51.998 GC heap after
{Heap after GC invocations=26 (full 2):
 PSYoungGen      total 23040K, used 880K [0x00000000d5580000, 0x00000000d7580000, 0x0000000100000000)
  eden space 22016K, 0% used [0x00000000d5580000,0x00000000d5580000,0x00000000d6b00000)
  from space 1024K, 85% used [0x00000000d7480000,0x00000000d755c020,0x00000000d7580000)
  to   space 2560K, 0% used [0x00000000d7080000,0x00000000d7080000,0x00000000d7300000)
 ParOldGen       total 68608K, used 39381K [0x0000000080000000, 0x0000000084300000, 0x00000000d5580000)
  object space 68608K, 57% used [0x0000000080000000,0x00000000826755d0,0x0000000084300000)
 Metaspace       used 53018K, committed 54272K, reserved 1114112K
  class space    used 6220K, committed 6720K, reserved 1048576K
}
Event: 53.011 GC heap before
{Heap before GC invocations=27 (full 2):
 PSYoungGen      total 23040K, used 22877K [0x00000000d5580000, 0x00000000d7580000, 0x0000000100000000)
  eden space 22016K, 99% used [0x00000000d5580000,0x00000000d6afb7c0,0x00000000d6b00000)
  from space 1024K, 85% used [0x00000000d7480000,0x00000000d755c020,0x00000000d7580000)
  to   space 2560K, 0% used [0x00000000d7080000,0x00000000d7080000,0x00000000d7300000)
 ParOldGen       total 68608K, used 39381K [0x0000000080000000, 0x0000000084300000, 0x00000000d5580000)
  object space 68608K, 57% used [0x0000000080000000,0x00000000826755d0,0x0000000084300000)
 Metaspace       used 54839K, committed 56256K, reserved 1114112K
  class space    used 6446K, committed 7040K, reserved 1048576K
}
Event: 53.014 GC heap after
{Heap after GC invocations=27 (full 2):
 PSYoungGen      total 24576K, used 688K [0x00000000d5580000, 0x00000000d7500000, 0x0000000100000000)
  eden space 22016K, 0% used [0x00000000d5580000,0x00000000d5580000,0x00000000d6b00000)
  from space 2560K, 26% used [0x00000000d7080000,0x00000000d712c010,0x00000000d7300000)
  to   space 1024K, 0% used [0x00000000d7400000,0x00000000d7400000,0x00000000d7500000)
 ParOldGen       total 68608K, used 40229K [0x0000000080000000, 0x0000000084300000, 0x00000000d5580000)
  object space 68608K, 58% used [0x0000000080000000,0x0000000082749600,0x0000000084300000)
 Metaspace       used 54839K, committed 56256K, reserved 1114112K
  class space    used 6446K, committed 7040K, reserved 1048576K
}
Event: 53.504 GC heap before
{Heap before GC invocations=28 (full 2):
 PSYoungGen      total 24576K, used 22704K [0x00000000d5580000, 0x00000000d7500000, 0x0000000100000000)
  eden space 22016K, 100% used [0x00000000d5580000,0x00000000d6b00000,0x00000000d6b00000)
  from space 2560K, 26% used [0x00000000d7080000,0x00000000d712c010,0x00000000d7300000)
  to   space 1024K, 0% used [0x00000000d7400000,0x00000000d7400000,0x00000000d7500000)
 ParOldGen       total 68608K, used 40229K [0x0000000080000000, 0x0000000084300000, 0x00000000d5580000)
  object space 68608K, 58% used [0x0000000080000000,0x0000000082749600,0x0000000084300000)
 Metaspace       used 55468K, committed 56896K, reserved 1114112K
  class space    used 6492K, committed 7104K, reserved 1048576K
}
Event: 53.511 GC heap after
{Heap after GC invocations=28 (full 2):
 PSYoungGen      total 23040K, used 992K [0x00000000d5580000, 0x00000000d7500000, 0x0000000100000000)
  eden space 22016K, 0% used [0x00000000d5580000,0x00000000d5580000,0x00000000d6b00000)
  from space 1024K, 96% used [0x00000000d7400000,0x00000000d74f8030,0x00000000d7500000)
  to   space 3584K, 0% used [0x00000000d6e00000,0x00000000d6e00000,0x00000000d7180000)
 ParOldGen       total 68608K, used 42195K [0x0000000080000000, 0x0000000084300000, 0x00000000d5580000)
  object space 68608K, 61% used [0x0000000080000000,0x0000000082934e30,0x0000000084300000)
 Metaspace       used 55468K, committed 56896K, reserved 1114112K
  class space    used 6492K, committed 7104K, reserved 1048576K
}
Event: 53.865 GC heap before
{Heap before GC invocations=29 (full 2):
 PSYoungGen      total 23040K, used 22899K [0x00000000d5580000, 0x00000000d7500000, 0x0000000100000000)
  eden space 22016K, 99% used [0x00000000d5580000,0x00000000d6ae4c08,0x00000000d6b00000)
  from space 1024K, 96% used [0x00000000d7400000,0x00000000d74f8030,0x00000000d7500000)
  to   space 3584K, 0% used [0x00000000d6e00000,0x00000000d6e00000,0x00000000d7180000)
 ParOldGen       total 68608K, used 42195K [0x0000000080000000, 0x0000000084300000, 0x00000000d5580000)
  object space 68608K, 61% used [0x0000000080000000,0x0000000082934e30,0x0000000084300000)
 Metaspace       used 55858K, committed 57280K, reserved 1114112K
  class space    used 6550K, committed 7168K, reserved 1048576K
}
Event: 53.871 GC heap after
{Heap after GC invocations=29 (full 2):
 PSYoungGen      total 25600K, used 2449K [0x00000000d5580000, 0x00000000d7480000, 0x0000000100000000)
  eden space 22016K, 0% used [0x00000000d5580000,0x00000000d5580000,0x00000000d6b00000)
  from space 3584K, 68% used [0x00000000d6e00000,0x00000000d7064410,0x00000000d7180000)
  to   space 3072K, 0% used [0x00000000d7180000,0x00000000d7180000,0x00000000d7480000)
 ParOldGen       total 68608K, used 43171K [0x0000000080000000, 0x0000000084300000, 0x00000000d5580000)
  object space 68608K, 62% used [0x0000000080000000,0x0000000082a28e60,0x0000000084300000)
 Metaspace       used 55858K, committed 57280K, reserved 1114112K
  class space    used 6550K, committed 7168K, reserved 1048576K
}
Event: 54.076 GC heap before
{Heap before GC invocations=30 (full 2):
 PSYoungGen      total 25600K, used 24465K [0x00000000d5580000, 0x00000000d7480000, 0x0000000100000000)
  eden space 22016K, 100% used [0x00000000d5580000,0x00000000d6b00000,0x00000000d6b00000)
  from space 3584K, 68% used [0x00000000d6e00000,0x00000000d7064410,0x00000000d7180000)
  to   space 3072K, 0% used [0x00000000d7180000,0x00000000d7180000,0x00000000d7480000)
 ParOldGen       total 68608K, used 43171K [0x0000000080000000, 0x0000000084300000, 0x00000000d5580000)
  object space 68608K, 62% used [0x0000000080000000,0x0000000082a28e60,0x0000000084300000)
 Metaspace       used 55870K, committed 57280K, reserved 1114112K
  class space    used 6550K, committed 7168K, reserved 1048576K
}
Event: 54.082 GC heap after
{Heap after GC invocations=30 (full 2):
 PSYoungGen      total 25088K, used 2562K [0x00000000d5580000, 0x00000000d7480000, 0x0000000100000000)
  eden space 22016K, 0% used [0x00000000d5580000,0x00000000d5580000,0x00000000d6b00000)
  from space 3072K, 83% used [0x00000000d7180000,0x00000000d7400810,0x00000000d7480000)
  to   space 3072K, 0% used [0x00000000d6e80000,0x00000000d6e80000,0x00000000d7180000)
 ParOldGen       total 68608K, used 45478K [0x0000000080000000, 0x0000000084300000, 0x00000000d5580000)
  object space 68608K, 66% used [0x0000000080000000,0x0000000082c69b40,0x0000000084300000)
 Metaspace       used 55870K, committed 57280K, reserved 1114112K
  class space    used 6550K, committed 7168K, reserved 1048576K
}
Event: 54.521 GC heap before
{Heap before GC invocations=31 (full 2):
 PSYoungGen      total 25088K, used 24578K [0x00000000d5580000, 0x00000000d7480000, 0x0000000100000000)
  eden space 22016K, 100% used [0x00000000d5580000,0x00000000d6b00000,0x00000000d6b00000)
  from space 3072K, 83% used [0x00000000d7180000,0x00000000d7400810,0x00000000d7480000)
  to   space 3072K, 0% used [0x00000000d6e80000,0x00000000d6e80000,0x00000000d7180000)
 ParOldGen       total 68608K, used 45478K [0x0000000080000000, 0x0000000084300000, 0x00000000d5580000)
  object space 68608K, 66% used [0x0000000080000000,0x0000000082c69b40,0x0000000084300000)
 Metaspace       used 55886K, committed 57344K, reserved 1114112K
  class space    used 6550K, committed 7168K, reserved 1048576K
}
Event: 54.527 GC heap after
{Heap after GC invocations=31 (full 2):
 PSYoungGen      total 24576K, used 2468K [0x00000000d5580000, 0x00000000d7200000, 0x0000000100000000)
  eden space 22016K, 0% used [0x00000000d5580000,0x00000000d5580000,0x00000000d6b00000)
  from space 2560K, 96% used [0x00000000d6e80000,0x00000000d70e9000,0x00000000d7100000)
  to   space 1024K, 0% used [0x00000000d7100000,0x00000000d7100000,0x00000000d7200000)
 ParOldGen       total 68608K, used 47813K [0x0000000080000000, 0x0000000084300000, 0x00000000d5580000)
  object space 68608K, 69% used [0x0000000080000000,0x0000000082eb1500,0x0000000084300000)
 Metaspace       used 55886K, committed 57344K, reserved 1114112K
  class space    used 6550K, committed 7168K, reserved 1048576K
}
Event: 54.783 GC heap before
{Heap before GC invocations=32 (full 2):
 PSYoungGen      total 24576K, used 24484K [0x00000000d5580000, 0x00000000d7200000, 0x0000000100000000)
  eden space 22016K, 100% used [0x00000000d5580000,0x00000000d6b00000,0x00000000d6b00000)
  from space 2560K, 96% used [0x00000000d6e80000,0x00000000d70e9000,0x00000000d7100000)
  to   space 1024K, 0% used [0x00000000d7100000,0x00000000d7100000,0x00000000d7200000)
 ParOldGen       total 68608K, used 47813K [0x0000000080000000, 0x0000000084300000, 0x00000000d5580000)
  object space 68608K, 69% used [0x0000000080000000,0x0000000082eb1500,0x0000000084300000)
 Metaspace       used 55922K, committed 57344K, reserved 1114112K
  class space    used 6550K, committed 7168K, reserved 1048576K
}
Event: 54.793 GC heap after
{Heap after GC invocations=32 (full 2):
 PSYoungGen      total 23040K, used 992K [0x00000000d5580000, 0x00000000d7600000, 0x0000000100000000)
  eden space 22016K, 0% used [0x00000000d5580000,0x00000000d5580000,0x00000000d6b00000)
  from space 1024K, 96% used [0x00000000d7100000,0x00000000d71f8010,0x00000000d7200000)
  to   space 5632K, 0% used [0x00000000d6b00000,0x00000000d6b00000,0x00000000d7080000)
 ParOldGen       total 68608K, used 51569K [0x0000000080000000, 0x0000000084300000, 0x00000000d5580000)
  object space 68608K, 75% used [0x0000000080000000,0x000000008325c700,0x0000000084300000)
 Metaspace       used 55922K, committed 57344K, reserved 1114112K
  class space    used 6550K, committed 7168K, reserved 1048576K
}
Event: 1570.167 GC heap before
{Heap before GC invocations=33 (full 2):
 PSYoungGen      total 23040K, used 23008K [0x00000000d5580000, 0x00000000d7600000, 0x0000000100000000)
  eden space 22016K, 100% used [0x00000000d5580000,0x00000000d6b00000,0x00000000d6b00000)
  from space 1024K, 96% used [0x00000000d7100000,0x00000000d71f8010,0x00000000d7200000)
  to   space 5632K, 0% used [0x00000000d6b00000,0x00000000d6b00000,0x00000000d7080000)
 ParOldGen       total 68608K, used 51569K [0x0000000080000000, 0x0000000084300000, 0x00000000d5580000)
  object space 68608K, 75% used [0x0000000080000000,0x000000008325c700,0x0000000084300000)
 Metaspace       used 57335K, committed 58752K, reserved 1114112K
  class space    used 6713K, committed 7296K, reserved 1048576K
}
Event: 1570.258 GC heap after
{Heap after GC invocations=33 (full 2):
 PSYoungGen      total 23552K, used 1504K [0x00000000d5580000, 0x00000000d7180000, 0x0000000100000000)
  eden space 22016K, 0% used [0x00000000d5580000,0x00000000d5580000,0x00000000d6b00000)
  from space 1536K, 97% used [0x00000000d6b00000,0x00000000d6c78020,0x00000000d6c80000)
  to   space 3072K, 0% used [0x00000000d6e80000,0x00000000d6e80000,0x00000000d7180000)
 ParOldGen       total 68608K, used 52577K [0x0000000080000000, 0x0000000084300000, 0x00000000d5580000)
  object space 68608K, 76% used [0x0000000080000000,0x0000000083358710,0x0000000084300000)
 Metaspace       used 57335K, committed 58752K, reserved 1114112K
  class space    used 6713K, committed 7296K, reserved 1048576K
}

