# JRE version: OpenJDK Runtime Environment (21.0.6) (build 21.0.6+-13391695-b895.109)
# Java VM: OpenJDK 64-Bit Server VM (21.0.6+-13391695-b895.109, mixed mode, tiered, compressed oops, compressed class ptrs, g1 gc, windows-amd64)
GC Precious Log:
 CardTable entry size: 512
 Card Set container configuration: InlinePtr #cards 4 size 8 Array Of Cards #cards 16 size 48 Howl #buckets 8 coarsen threshold 3686 Howl Bitmap #cards 512 size 80 coarsen threshold 460 Card regions per heap region 1 cards per card region 4096
 CPUs: 4 total, 4 available
 Memory: 11683M
 Large Page Support: Disabled
 NUMA Support: Disabled
 Compressed Oops: Enabled (Zero based)
 Heap Region Size: 2M
 Heap Min Capacity: 8M
 Heap Initial Capacity: 184M
 Heap Max Capacity: 2922M
 Pre-touch: Disabled
 Parallel Workers: 4
 Concurrent Workers: 1
 Concurrent Refinement Workers: 4
 Periodic GC: Disabled
Heap:
 garbage-first heap   total 153600K, used 117890K [0x0000000749600000, 0x0000000800000000)
  region size 2048K, 15 young (30720K), 2 survivors (4096K)
 Metaspace       used 75443K, committed 76352K, reserved 1179648K
  class space    used 8207K, committed 8640K, reserved 1048576K
GC Heap History (20 events):
Event: 28.172 GC heap before
{Heap before GC invocations=17 (full 0):
 garbage-first heap   total 118784K, used 96200K [0x0000000749600000, 0x0000000800000000)
  region size 2048K, 23 young (47104K), 2 survivors (4096K)
 Metaspace       used 59807K, committed 60608K, reserved 1114112K
  class space    used 6904K, committed 7296K, reserved 1048576K
}
Event: 28.204 GC heap after
{Heap after GC invocations=18 (full 0):
 garbage-first heap   total 118784K, used 62659K [0x0000000749600000, 0x0000000800000000)
  region size 2048K, 3 young (6144K), 3 survivors (6144K)
 Metaspace       used 59807K, committed 60608K, reserved 1114112K
  class space    used 6904K, committed 7296K, reserved 1048576K
}
Event: 40.170 GC heap before
{Heap before GC invocations=18 (full 0):
 garbage-first heap   total 118784K, used 99523K [0x0000000749600000, 0x0000000800000000)
  region size 2048K, 21 young (43008K), 3 survivors (6144K)
 Metaspace       used 63730K, committed 64576K, reserved 1114112K
  class space    used 7319K, committed 7744K, reserved 1048576K
}
Event: 40.220 GC heap after
{Heap after GC invocations=19 (full 0):
 garbage-first heap   total 118784K, used 68567K [0x0000000749600000, 0x0000000800000000)
  region size 2048K, 3 young (6144K), 3 survivors (6144K)
 Metaspace       used 63730K, committed 64576K, reserved 1114112K
  class space    used 7319K, committed 7744K, reserved 1048576K
}
Event: 49.577 GC heap before
{Heap before GC invocations=20 (full 0):
 garbage-first heap   total 118784K, used 101335K [0x0000000749600000, 0x0000000800000000)
  region size 2048K, 19 young (38912K), 3 survivors (6144K)
 Metaspace       used 65209K, committed 66112K, reserved 1114112K
  class space    used 7363K, committed 7808K, reserved 1048576K
}
Event: 49.613 GC heap after
{Heap after GC invocations=21 (full 0):
 garbage-first heap   total 118784K, used 72418K [0x0000000749600000, 0x0000000800000000)
  region size 2048K, 2 young (4096K), 2 survivors (4096K)
 Metaspace       used 65209K, committed 66112K, reserved 1114112K
  class space    used 7363K, committed 7808K, reserved 1048576K
}
Event: 53.176 GC heap before
{Heap before GC invocations=21 (full 0):
 garbage-first heap   total 118784K, used 103138K [0x0000000749600000, 0x0000000800000000)
  region size 2048K, 17 young (34816K), 2 survivors (4096K)
 Metaspace       used 65720K, committed 66624K, reserved 1114112K
  class space    used 7385K, committed 7808K, reserved 1048576K
}
Event: 53.224 GC heap after
{Heap after GC invocations=22 (full 0):
 garbage-first heap   total 118784K, used 75546K [0x0000000749600000, 0x0000000800000000)
  region size 2048K, 2 young (4096K), 2 survivors (4096K)
 Metaspace       used 65720K, committed 66624K, reserved 1114112K
  class space    used 7385K, committed 7808K, reserved 1048576K
}
Event: 57.917 GC heap before
{Heap before GC invocations=22 (full 0):
 garbage-first heap   total 118784K, used 106266K [0x0000000749600000, 0x0000000800000000)
  region size 2048K, 17 young (34816K), 2 survivors (4096K)
 Metaspace       used 66333K, committed 67136K, reserved 1114112K
  class space    used 7398K, committed 7808K, reserved 1048576K
}
Event: 57.953 GC heap after
{Heap after GC invocations=23 (full 0):
 garbage-first heap   total 118784K, used 79773K [0x0000000749600000, 0x0000000800000000)
  region size 2048K, 2 young (4096K), 2 survivors (4096K)
 Metaspace       used 66333K, committed 67136K, reserved 1114112K
  class space    used 7398K, committed 7808K, reserved 1048576K
}
Event: 61.801 GC heap before
{Heap before GC invocations=24 (full 0):
 garbage-first heap   total 133120K, used 108445K [0x0000000749600000, 0x0000000800000000)
  region size 2048K, 15 young (30720K), 2 survivors (4096K)
 Metaspace       used 66774K, committed 67648K, reserved 1114112K
  class space    used 7428K, committed 7872K, reserved 1048576K
}
Event: 61.826 GC heap after
{Heap after GC invocations=25 (full 0):
 garbage-first heap   total 133120K, used 84639K [0x0000000749600000, 0x0000000800000000)
  region size 2048K, 2 young (4096K), 2 survivors (4096K)
 Metaspace       used 66774K, committed 67648K, reserved 1114112K
  class space    used 7428K, committed 7872K, reserved 1048576K
}
Event: 66.032 GC heap before
{Heap before GC invocations=25 (full 0):
 garbage-first heap   total 133120K, used 119455K [0x0000000749600000, 0x0000000800000000)
  region size 2048K, 19 young (38912K), 2 survivors (4096K)
 Metaspace       used 67142K, committed 68032K, reserved 1114112K
  class space    used 7458K, committed 7872K, reserved 1048576K
}
Event: 66.054 GC heap after
{Heap after GC invocations=26 (full 0):
 garbage-first heap   total 133120K, used 86879K [0x0000000749600000, 0x0000000800000000)
  region size 2048K, 3 young (6144K), 3 survivors (6144K)
 Metaspace       used 67142K, committed 68032K, reserved 1114112K
  class space    used 7458K, committed 7872K, reserved 1048576K
}
Event: 79.511 GC heap before
{Heap before GC invocations=26 (full 0):
 garbage-first heap   total 133120K, used 117599K [0x0000000749600000, 0x0000000800000000)
  region size 2048K, 18 young (36864K), 3 survivors (6144K)
 Metaspace       used 67602K, committed 68480K, reserved 1114112K
  class space    used 7493K, committed 7936K, reserved 1048576K
}
Event: 79.548 GC heap after
{Heap after GC invocations=27 (full 0):
 garbage-first heap   total 133120K, used 90133K [0x0000000749600000, 0x0000000800000000)
  region size 2048K, 2 young (4096K), 2 survivors (4096K)
 Metaspace       used 67602K, committed 68480K, reserved 1114112K
  class space    used 7493K, committed 7936K, reserved 1048576K
}
Event: 82.885 GC heap before
{Heap before GC invocations=28 (full 0):
 garbage-first heap   total 153600K, used 116757K [0x0000000749600000, 0x0000000800000000)
  region size 2048K, 15 young (30720K), 2 survivors (4096K)
 Metaspace       used 67824K, committed 68672K, reserved 1114112K
  class space    used 7502K, committed 7936K, reserved 1048576K
}
Event: 82.905 GC heap after
{Heap after GC invocations=29 (full 0):
 garbage-first heap   total 153600K, used 92379K [0x0000000749600000, 0x0000000800000000)
  region size 2048K, 2 young (4096K), 2 survivors (4096K)
 Metaspace       used 67824K, committed 68672K, reserved 1114112K
  class space    used 7502K, committed 7936K, reserved 1048576K
}
Event: 90.027 GC heap before
{Heap before GC invocations=29 (full 0):
 garbage-first heap   total 153600K, used 137435K [0x0000000749600000, 0x0000000800000000)
  region size 2048K, 24 young (49152K), 2 survivors (4096K)
 Metaspace       used 69868K, committed 70720K, reserved 1114112K
  class space    used 7670K, committed 8064K, reserved 1048576K
}
Event: 90.052 GC heap after
{Heap after GC invocations=30 (full 0):
 garbage-first heap   total 153600K, used 93314K [0x0000000749600000, 0x0000000800000000)
  region size 2048K, 2 young (4096K), 2 survivors (4096K)
 Metaspace       used 69868K, committed 70720K, reserved 1114112K
  class space    used 7670K, committed 8064K, reserved 1048576K
}

